<?xml version="1.0" encoding="UTF-8"?>
<!-- Generated by org.testng.reporters.JUnitXMLReporter -->
<testsuite ignored="0" hostname="eHLT-LAP-0037" failures="1" tests="2" name="Test" time="2.55" errors="0" timestamp="2021-09-02T03:51:18 GMT-04:00">
  <testcase classname="test.RMSLogin" name="browser" time="2.481"/>
  <testcase classname="test.RMSLogin" name="loginRMS" time="0.0">
    <failure type="org.testng.TestNGException" message="
Method loginRMS requires 2 parameters but 1 were supplied in the @Test annotation.">
      <![CDATA[org.testng.TestNGException: 
Method loginRMS requires 2 parameters but 1 were supplied in the @Test annotation.
at java.base/java.util.ArrayList.forEach(ArrayList.java:1511)
... Removed 26 stack frames]]>
    </failure>
  </testcase> <!-- loginRMS -->
</testsuite> <!-- Test -->
